<?xml version="1.0" encoding="UTF-8"?>
<!-- Generated by org.testng.reporters.JUnitXMLReporter -->
<testsuite ignored="0" hostname="home-laptop" failures="1" tests="4" name="Test" time="7.72" errors="0" timestamp="2024-07-01T21:57:49 IST">
  <testcase classname="com.boldsignapi.tests.ContactApiTests" name="createContactsTests" time="5.269"/>
  <testcase classname="com.boldsignapi.tests.ContactApiTests" name="fetchContactTest" time="0.597"/>
  <testcase classname="com.boldsignapi.tests.ContactApiTests" name="updateContactTest" time="0.716"/>
  <testcase classname="com.boldsignapi.tests.ContactApiTests" name="deleteContactTest" time="0.602">
    <failure type="java.lang.AssertionError" message="expected [2045] but found [204]">
      <![CDATA[java.lang.AssertionError: expected [2045] but found [204]
at com.boldsignapi.tests.ContactApiTests.deleteContactTest(ContactApiTests.java:74)
at java.base/java.util.ArrayList.forEach(ArrayList.java:1511)
... Removed 38 stack frames]]>
    </failure>
  </testcase> <!-- deleteContactTest -->
</testsuite> <!-- Test -->
