<?xml version="1.0" encoding="UTF-8"?>
<testng-results ignored="0" total="4" passed="4" failed="0" skipped="0">
  <reporter-output>
  </reporter-output>
  <suite started-at="2024-07-06T15:23:16 IST" name="Suite" finished-at="2024-07-06T15:23:23 IST" duration-ms="7607">
    <groups>
    </groups>
    <test started-at="2024-07-06T15:23:16 IST" name="Test" finished-at="2024-07-06T15:23:23 IST" duration-ms="7607">
      <class name="com.boldsignapi.tests.ContactApiTests">
        <test-method signature="createContactsTests(org.testng.ITestContext)[pri:0, instance:com.boldsignapi.tests.ContactApiTests@703580bf]" started-at="2024-07-06T15:23:16 IST" name="createContactsTests" description="this test will create new contacts" finished-at="2024-07-06T15:23:21 IST" duration-ms="4716" status="PASS">
          <params>
            <param index="0">
              <value>
                <![CDATA[org.testng.TestRunner@23941fb4]]>
              </value>
            </param>
          </params>
          <reporter-output>
          </reporter-output>
        </test-method> <!-- createContactsTests -->
        <test-method signature="fetchContactTest(org.testng.ITestContext)[pri:1, instance:com.boldsignapi.tests.ContactApiTests@703580bf]" started-at="2024-07-06T15:23:21 IST" name="fetchContactTest" description="this test will fetch contact by id" finished-at="2024-07-06T15:23:21 IST" duration-ms="517" status="PASS">
          <params>
            <param index="0">
              <value>
                <![CDATA[org.testng.TestRunner@23941fb4]]>
              </value>
            </param>
          </params>
          <reporter-output>
          </reporter-output>
        </test-method> <!-- fetchContactTest -->
        <test-method signature="updateContactTest(org.testng.ITestContext)[pri:2, instance:com.boldsignapi.tests.ContactApiTests@703580bf]" started-at="2024-07-06T15:23:21 IST" name="updateContactTest" description="this test will update existing contact by id" finished-at="2024-07-06T15:23:23 IST" duration-ms="1402" status="PASS">
          <params>
            <param index="0">
              <value>
                <![CDATA[org.testng.TestRunner@23941fb4]]>
              </value>
            </param>
          </params>
          <reporter-output>
          </reporter-output>
        </test-method> <!-- updateContactTest -->
        <test-method signature="deleteContactTest(org.testng.ITestContext)[pri:3, instance:com.boldsignapi.tests.ContactApiTests@703580bf]" started-at="2024-07-06T15:23:23 IST" name="deleteContactTest" description="this test will delete contact by id" finished-at="2024-07-06T15:23:23 IST" duration-ms="514" status="PASS">
          <params>
            <param index="0">
              <value>
                <![CDATA[org.testng.TestRunner@23941fb4]]>
              </value>
            </param>
          </params>
          <reporter-output>
          </reporter-output>
        </test-method> <!-- deleteContactTest -->
      </class> <!-- com.boldsignapi.tests.ContactApiTests -->
    </test> <!-- Test -->
  </suite> <!-- Suite -->
</testng-results>
