<?xml version="1.0" encoding="UTF-8"?>
<testsuite xmlns:xsi="http://www.w3.org/2001/XMLSchema-instance" xsi:noNamespaceSchemaLocation="https://maven.apache.org/surefire/maven-surefire-plugin/xsd/surefire-test-report-3.0.xsd" version="3.0" name="TestSuite" time="9.221" tests="4" errors="0" skipped="0" failures="1">
  <properties>
[...]
</properties>
  <testcase name="createContactsTests[org.testng.TestRunner@23941fb4](1)" classname="com.boldsignapi.tests.ContactApiTests" time="5.269">
    <system-out><![CDATA[Request method:	POST
Request URI:	https://api.boldsign.com/v1/contacts/create
Proxy:			<none>
Request params:	<none>
Query params:	<none>
Form params:	<none>
Path params:	<none>
Headers:		X-API-KEY=OTk0MTVjN2YtNzNhNS00NzgyLWE5YzYtYWJhZGM0YWY0YzVl
				Accept=*/*
				Content-Type=application/json
Cookies:		<none>
Multiparts:		<none>
Body:
[
    {
        "email": "ilona.mccullough@hotmail.com",
        "name": "Ilona Shields",
        "phoneNumber": {
            "countryCode": "+91",
            "number": "1234567839"
        },
        "jobTitle": "Legacy Agent",
        "companyName": "Schaefer-Cole"
    },
    {
        "email": "vincenzo.gulgowski@gmail.com",
        "name": "Katheryn Stamm",
        "phoneNumber": {
            "countryCode": "+91",
            "number": "1234567854"
        },
        "jobTitle": "Customer Banking Representative",
        "companyName": "Spinka, Stroman and Aufderhar"
    }
]
HTTP/1.1 200 OK
Content-Length: 205
Content-Type: application/json; charset=utf-8
Date: Mon, 01 Jul 2024 16:27:45 GMT
Server: Kestrel
Cache-Control: no-cache, no-store, must-revalidate
Request-Context: appId=cid-v1:71d42f09-afce-49d6-89fa-4fa140c641d3
Strict-Transport-Security: max-age=31536000; includeSubDomains
X-XSS-Protection: 1; mode=block
X-Content-Type-Options: nosniff
Referrer-Policy: no-referrer
X-Permitted-Cross-Domain-Policies: none
Permissions-Policy: accelerometer=(), camera=(), geolocation=(), gyroscope=(), magnetometer=(), microphone=(), payment=(), usb=()
api-supported-versions: 1-beta, 1
X-Rate-Limit-Limit: 1h
X-Rate-Limit-Remaining: 45
X-Rate-Limit-Reset: 2024-07-01T17:00:00.0000000Z
Via: 1.1 google
Alt-Svc: h3=":443"; ma=2592000,h3-29=":443"; ma=2592000

{
    "createdContacts": [
        {
            "id": "7500626e-be08-40ce-8a9b-986b29348023c_xpWfK",
            "email": "ilona.mccullough@hotmail.com"
        },
        {
            "id": "7500626e-be08-40ce-8a9b-986b29348023c_CjqPw",
            "email": "vincenzo.gulgowski@gmail.com"
        }
    ]
}
HTTP/1.1 200 OK
Content-Length: 205
Content-Type: application/json; charset=utf-8
Date: Mon, 01 Jul 2024 16:27:45 GMT
Server: Kestrel
Cache-Control: no-cache, no-store, must-revalidate
Request-Context: appId=cid-v1:71d42f09-afce-49d6-89fa-4fa140c641d3
Strict-Transport-Security: max-age=31536000; includeSubDomains
X-XSS-Protection: 1; mode=block
X-Content-Type-Options: nosniff
Referrer-Policy: no-referrer
X-Permitted-Cross-Domain-Policies: none
Permissions-Policy: accelerometer=(), camera=(), geolocation=(), gyroscope=(), magnetometer=(), microphone=(), payment=(), usb=()
api-supported-versions: 1-beta, 1
X-Rate-Limit-Limit: 1h
X-Rate-Limit-Remaining: 45
X-Rate-Limit-Reset: 2024-07-01T17:00:00.0000000Z
Via: 1.1 google
Alt-Svc: h3=":443"; ma=2592000,h3-29=":443"; ma=2592000

{
    "createdContacts": [
        {
            "id": "7500626e-be08-40ce-8a9b-986b29348023c_xpWfK",
            "email": "ilona.mccullough@hotmail.com"
        },
        {
            "id": "7500626e-be08-40ce-8a9b-986b29348023c_CjqPw",
            "email": "vincenzo.gulgowski@gmail.com"
        }
    ]
}
GENERATED-CONTACT-ID = 7500626e-be08-40ce-8a9b-986b29348023c_xpWfK
]]></system-out>
    <system-err><![CDATA[SLF4J: Failed to load class "org.slf4j.impl.StaticLoggerBinder".
SLF4J: Defaulting to no-operation (NOP) logger implementation
SLF4J: See http://www.slf4j.org/codes.html#StaticLoggerBinder for further details.
]]></system-err>
  </testcase>
  <testcase name="fetchContactTest[org.testng.TestRunner@23941fb4](1)" classname="com.boldsignapi.tests.ContactApiTests" time="0.619">
    <system-out><![CDATA[Request method:	GET
Request URI:	https://api.boldsign.com/v1/contacts/get?id=7500626e-be08-40ce-8a9b-986b29348023c_xpWfK
Proxy:			<none>
Request params:	<none>
Query params:	id=7500626e-be08-40ce-8a9b-986b29348023c_xpWfK
Form params:	<none>
Path params:	<none>
Headers:		X-API-KEY=OTk0MTVjN2YtNzNhNS00NzgyLWE5YzYtYWJhZGM0YWY0YzVl
				Accept=application/json, application/javascript, text/javascript, text/json
				Content-Type=application/json
Cookies:		<none>
Multiparts:		<none>
Body:			<none>
HTTP/1.1 200 OK
Content-Length: 228
Content-Type: application/json; charset=utf-8
Date: Mon, 01 Jul 2024 16:27:47 GMT
Server: Kestrel
Cache-Control: no-cache, no-store, must-revalidate
Request-Context: appId=cid-v1:71d42f09-afce-49d6-89fa-4fa140c641d3
Strict-Transport-Security: max-age=31536000; includeSubDomains
X-XSS-Protection: 1; mode=block
X-Content-Type-Options: nosniff
Referrer-Policy: no-referrer
X-Permitted-Cross-Domain-Policies: none
Permissions-Policy: accelerometer=(), camera=(), geolocation=(), gyroscope=(), magnetometer=(), microphone=(), payment=(), usb=()
api-supported-versions: 1-beta, 1
X-Rate-Limit-Limit: 1h
X-Rate-Limit-Remaining: 44
X-Rate-Limit-Reset: 2024-07-01T17:00:00.0000000Z
Via: 1.1 google
Alt-Svc: h3=":443"; ma=2592000,h3-29=":443"; ma=2592000

{
    "id": "7500626e-be08-40ce-8a9b-986b29348023c_xpWfK",
    "name": "Ilona Shields",
    "email": "ilona.mccullough@hotmail.com",
    "companyName": "Schaefer-Cole",
    "jobTitle": "Legacy Agent",
    "phoneNumber": {
        "countryCode": "+91",
        "number": "1234567839"
    }
}
HTTP/1.1 200 OK
Content-Length: 228
Content-Type: application/json; charset=utf-8
Date: Mon, 01 Jul 2024 16:27:47 GMT
Server: Kestrel
Cache-Control: no-cache, no-store, must-revalidate
Request-Context: appId=cid-v1:71d42f09-afce-49d6-89fa-4fa140c641d3
Strict-Transport-Security: max-age=31536000; includeSubDomains
X-XSS-Protection: 1; mode=block
X-Content-Type-Options: nosniff
Referrer-Policy: no-referrer
X-Permitted-Cross-Domain-Policies: none
Permissions-Policy: accelerometer=(), camera=(), geolocation=(), gyroscope=(), magnetometer=(), microphone=(), payment=(), usb=()
api-supported-versions: 1-beta, 1
X-Rate-Limit-Limit: 1h
X-Rate-Limit-Remaining: 44
X-Rate-Limit-Reset: 2024-07-01T17:00:00.0000000Z
Via: 1.1 google
Alt-Svc: h3=":443"; ma=2592000,h3-29=":443"; ma=2592000

{
    "id": "7500626e-be08-40ce-8a9b-986b29348023c_xpWfK",
    "name": "Ilona Shields",
    "email": "ilona.mccullough@hotmail.com",
    "companyName": "Schaefer-Cole",
    "jobTitle": "Legacy Agent",
    "phoneNumber": {
        "countryCode": "+91",
        "number": "1234567839"
    }
}
]]></system-out>
  </testcase>
  <testcase name="updateContactTest[org.testng.TestRunner@23941fb4](1)" classname="com.boldsignapi.tests.ContactApiTests" time="0.722">
    <system-out><![CDATA[Request method:	PUT
Request URI:	https://api.boldsign.com/v1/contacts/update?id=7500626e-be08-40ce-8a9b-986b29348023c_xpWfK
Proxy:			<none>
Request params:	<none>
Query params:	id=7500626e-be08-40ce-8a9b-986b29348023c_xpWfK
Form params:	<none>
Path params:	<none>
Headers:		X-API-KEY=OTk0MTVjN2YtNzNhNS00NzgyLWE5YzYtYWJhZGM0YWY0YzVl
				Accept=*/*
				Content-Type=application/json
Cookies:		<none>
Multiparts:		<none>
Body:
{
    "email": "teodora.monahan@gmail.com",
    "name": "Taylor Sawayn",
    "phoneNumber": {
        "countryCode": "+91",
        "number": "1234567821"
    },
    "jobTitle": "Central Consultant",
    "companyName": "Mante, Hirthe and Kemmer"
}
HTTP/1.1 200 OK
Content-Length: 0
Date: Mon, 01 Jul 2024 16:27:47 GMT
Server: Kestrel
Cache-Control: no-cache, no-store, must-revalidate
Request-Context: appId=cid-v1:71d42f09-afce-49d6-89fa-4fa140c641d3
Strict-Transport-Security: max-age=31536000; includeSubDomains
X-XSS-Protection: 1; mode=block
X-Content-Type-Options: nosniff
Referrer-Policy: no-referrer
X-Permitted-Cross-Domain-Policies: none
Permissions-Policy: accelerometer=(), camera=(), geolocation=(), gyroscope=(), magnetometer=(), microphone=(), payment=(), usb=()
api-supported-versions: 1-beta, 1
X-Rate-Limit-Limit: 1h
X-Rate-Limit-Remaining: 43
X-Rate-Limit-Reset: 2024-07-01T17:00:00.0000000Z
Via: 1.1 google
Alt-Svc: h3=":443"; ma=2592000,h3-29=":443"; ma=2592000
]]></system-out>
  </testcase>
  <testcase name="deleteContactTest[org.testng.TestRunner@23941fb4](1)" classname="com.boldsignapi.tests.ContactApiTests" time="0.604">
    <failure message="expected [2045] but found [204]" type="java.lang.AssertionError"><![CDATA[java.lang.AssertionError: expected [2045] but found [204]
	at org.testng.Assert.fail(Assert.java:111)
	at org.testng.Assert.failNotEquals(Assert.java:1578)
	at org.testng.Assert.assertEqualsImpl(Assert.java:150)
	at org.testng.Assert.assertEquals(Assert.java:132)
	at org.testng.Assert.assertEquals(Assert.java:1419)
	at org.testng.Assert.assertEquals(Assert.java:1383)
	at org.testng.Assert.assertEquals(Assert.java:1429)
	at com.boldsignapi.tests.ContactApiTests.deleteContactTest(ContactApiTests.java:74)
	at java.base/jdk.internal.reflect.NativeMethodAccessorImpl.invoke0(Native Method)
	at java.base/jdk.internal.reflect.NativeMethodAccessorImpl.invoke(NativeMethodAccessorImpl.java:77)
	at java.base/jdk.internal.reflect.DelegatingMethodAccessorImpl.invoke(DelegatingMethodAccessorImpl.java:43)
	at java.base/java.lang.reflect.Method.invoke(Method.java:568)
	at org.testng.internal.invokers.MethodInvocationHelper.invokeMethod(MethodInvocationHelper.java:141)
	at org.testng.internal.invokers.TestInvoker.invokeMethod(TestInvoker.java:686)
	at org.testng.internal.invokers.TestInvoker.invokeTestMethod(TestInvoker.java:230)
	at org.testng.internal.invokers.MethodRunner.runInSequence(MethodRunner.java:63)
	at org.testng.internal.invokers.TestInvoker$MethodInvocationAgent.invoke(TestInvoker.java:992)
	at org.testng.internal.invokers.TestInvoker.invokeTestMethods(TestInvoker.java:203)
	at org.testng.internal.invokers.TestMethodWorker.invokeTestMethods(TestMethodWorker.java:154)
	at org.testng.internal.invokers.TestMethodWorker.run(TestMethodWorker.java:134)
	at java.base/java.util.ArrayList.forEach(ArrayList.java:1511)
	at org.testng.TestRunner.privateRun(TestRunner.java:739)
	at org.testng.TestRunner.run(TestRunner.java:614)
	at org.testng.SuiteRunner.runTest(SuiteRunner.java:421)
	at org.testng.SuiteRunner.runSequentially(SuiteRunner.java:413)
	at org.testng.SuiteRunner.privateRun(SuiteRunner.java:373)
	at org.testng.SuiteRunner.run(SuiteRunner.java:312)
	at org.testng.SuiteRunnerWorker.runSuite(SuiteRunnerWorker.java:52)
	at org.testng.SuiteRunnerWorker.run(SuiteRunnerWorker.java:95)
	at org.testng.TestNG.runSuitesSequentially(TestNG.java:1274)
	at org.testng.TestNG.runSuitesLocally(TestNG.java:1208)
	at org.testng.TestNG.runSuites(TestNG.java:1112)
	at org.testng.TestNG.run(TestNG.java:1079)
	at org.apache.maven.surefire.testng.TestNGExecutor.run(TestNGExecutor.java:308)
	at org.apache.maven.surefire.testng.TestNGXmlTestSuite.execute(TestNGXmlTestSuite.java:71)
	at org.apache.maven.surefire.testng.TestNGProvider.invoke(TestNGProvider.java:113)
	at org.apache.maven.surefire.booter.ForkedBooter.runSuitesInProcess(ForkedBooter.java:385)
	at org.apache.maven.surefire.booter.ForkedBooter.execute(ForkedBooter.java:162)
	at org.apache.maven.surefire.booter.ForkedBooter.run(ForkedBooter.java:507)
	at org.apache.maven.surefire.booter.ForkedBooter.main(ForkedBooter.java:495)
]]></failure>
    <system-out><![CDATA[Request method:	DELETE
Request URI:	https://api.boldsign.com/v1/contacts/delete?id=7500626e-be08-40ce-8a9b-986b29348023c_xpWfK
Proxy:			<none>
Request params:	<none>
Query params:	id=7500626e-be08-40ce-8a9b-986b29348023c_xpWfK
Form params:	<none>
Path params:	<none>
Headers:		X-API-KEY=OTk0MTVjN2YtNzNhNS00NzgyLWE5YzYtYWJhZGM0YWY0YzVl
				Accept=*/*
				Content-Type=application/json
Cookies:		<none>
Multiparts:		<none>
Body:			<none>
HTTP/1.1 204 No Content
Date: Mon, 01 Jul 2024 16:27:48 GMT
Server: Kestrel
Cache-Control: no-cache, no-store, must-revalidate
Request-Context: appId=cid-v1:71d42f09-afce-49d6-89fa-4fa140c641d3
Strict-Transport-Security: max-age=31536000; includeSubDomains
X-XSS-Protection: 1; mode=block
X-Content-Type-Options: nosniff
Referrer-Policy: no-referrer
X-Permitted-Cross-Domain-Policies: none
Permissions-Policy: accelerometer=(), camera=(), geolocation=(), gyroscope=(), magnetometer=(), microphone=(), payment=(), usb=()
api-supported-versions: 1-beta, 1
X-Rate-Limit-Limit: 1h
X-Rate-Limit-Remaining: 42
X-Rate-Limit-Reset: 2024-07-01T17:00:00.0000000Z
Via: 1.1 google
Alt-Svc: h3=":443"; ma=2592000,h3-29=":443"; ma=2592000
]]></system-out>
  </testcase>
</testsuite>